# JRE version: OpenJDK Runtime Environment (8.0_212-b04) (build 1.8.0_212-release-1586-b04)
# Java VM: OpenJDK 64-Bit Server VM (25.212-b04 mixed mode windows-amd64 compressed oops)
Heap:
 PSYoungGen      total 138752K, used 120825K [0x00000000e0000000, 0x00000000e9100000, 0x0000000100000000)
  eden space 129024K, 86% used [0x00000000e0000000,0x00000000e6c809b8,0x00000000e7e00000)
  from space 9728K, 99% used [0x00000000e7e00000,0x00000000e877da90,0x00000000e8780000)
  to   space 9216K, 0% used [0x00000000e8800000,0x00000000e8800000,0x00000000e9100000)
 ParOldGen       total 44544K, used 24554K [0x00000000a0000000, 0x00000000a2b80000, 0x00000000e0000000)
  object space 44544K, 55% used [0x00000000a0000000,0x00000000a17fa908,0x00000000a2b80000)
 Metaspace       used 54816K, capacity 56704K, committed 56832K, reserved 1097728K
  class space    used 7430K, capacity 7874K, committed 7936K, reserved 1048576K
GC Heap History (10 events):
Event: 7.139 GC heap before
{Heap before GC invocations=9 (full 1):
 PSYoungGen      total 138240K, used 4717K [0x00000000e0000000, 0x00000000e9100000, 0x0000000100000000)
  eden space 129024K, 0% used [0x00000000e0000000,0x00000000e0000000,0x00000000e7e00000)
  from space 9216K, 51% used [0x00000000e8800000,0x00000000e8c9b690,0x00000000e9100000)
  to   space 9728K, 0% used [0x00000000e7e00000,0x00000000e7e00000,0x00000000e8780000)
 ParOldGen       total 44032K, used 9810K [0x00000000a0000000, 0x00000000a2b00000, 0x00000000e0000000)
  object space 44032K, 22% used [0x00000000a0000000,0x00000000a0994ad8,0x00000000a2b00000)
 Metaspace       used 20717K, capacity 21200K, committed 21296K, reserved 1067008K
  class space    used 2987K, capacity 3135K, committed 3200K, reserved 1048576K
Event: 7.207 GC heap after
Heap after GC invocations=9 (full 1):
 PSYoungGen      total 138240K, used 0K [0x00000000e0000000, 0x00000000e9100000, 0x0000000100000000)
  eden space 129024K, 0% used [0x00000000e0000000,0x00000000e0000000,0x00000000e7e00000)
  from space 9216K, 0% used [0x00000000e8800000,0x00000000e8800000,0x00000000e9100000)
  to   space 9728K, 0% used [0x00000000e7e00000,0x00000000e7e00000,0x00000000e8780000)
 ParOldGen       total 31744K, used 9931K [0x00000000a0000000, 0x00000000a1f00000, 0x00000000e0000000)
  object space 31744K, 31% used [0x00000000a0000000,0x00000000a09b2d10,0x00000000a1f00000)
 Metaspace       used 20717K, capacity 21200K, committed 21296K, reserved 1067008K
  class space    used 2987K, capacity 3135K, committed 3200K, reserved 1048576K
}
Event: 11.444 GC heap before
{Heap before GC invocations=10 (full 1):
 PSYoungGen      total 138240K, used 129024K [0x00000000e0000000, 0x00000000e9100000, 0x0000000100000000)
  eden space 129024K, 100% used [0x00000000e0000000,0x00000000e7e00000,0x00000000e7e00000)
  from space 9216K, 0% used [0x00000000e8800000,0x00000000e8800000,0x00000000e9100000)
  to   space 9728K, 0% used [0x00000000e7e00000,0x00000000e7e00000,0x00000000e8780000)
 ParOldGen       total 31744K, used 9931K [0x00000000a0000000, 0x00000000a1f00000, 0x00000000e0000000)
  object space 31744K, 31% used [0x00000000a0000000,0x00000000a09b2d10,0x00000000a1f00000)
 Metaspace       used 31910K, capacity 32696K, committed 32768K, reserved 1077248K
  class space    used 4300K, capacity 4543K, committed 4608K, reserved 1048576K
Event: 11.507 GC heap after
Heap after GC invocations=10 (full 1):
 PSYoungGen      total 138752K, used 9725K [0x00000000e0000000, 0x00000000e9100000, 0x0000000100000000)
  eden space 129024K, 0% used [0x00000000e0000000,0x00000000e0000000,0x00000000e7e00000)
  from space 9728K, 99% used [0x00000000e7e00000,0x00000000e877f788,0x00000000e8780000)
  to   space 9216K, 0% used [0x00000000e8800000,0x00000000e8800000,0x00000000e9100000)
 ParOldGen       total 31744K, used 13115K [0x00000000a0000000, 0x00000000a1f00000, 0x00000000e0000000)
  object space 31744K, 41% used [0x00000000a0000000,0x00000000a0ccefe0,0x00000000a1f00000)
 Metaspace       used 31910K, capacity 32696K, committed 32768K, reserved 1077248K
  class space    used 4300K, capacity 4543K, committed 4608K, reserved 1048576K
}
Event: 12.628 GC heap before
{Heap before GC invocations=11 (full 1):
 PSYoungGen      total 138752K, used 75184K [0x00000000e0000000, 0x00000000e9100000, 0x0000000100000000)
  eden space 129024K, 50% used [0x00000000e0000000,0x00000000e3fec8f8,0x00000000e7e00000)
  from space 9728K, 99% used [0x00000000e7e00000,0x00000000e877f788,0x00000000e8780000)
  to   space 9216K, 0% used [0x00000000e8800000,0x00000000e8800000,0x00000000e9100000)
 ParOldGen       total 31744K, used 13115K [0x00000000a0000000, 0x00000000a1f00000, 0x00000000e0000000)
  object space 31744K, 41% used [0x00000000a0000000,0x00000000a0ccefe0,0x00000000a1f00000)
 Metaspace       used 34621K, capacity 35400K, committed 35456K, reserved 1079296K
  class space    used 4756K, capacity 4991K, committed 4992K, reserved 1048576K
Event: 12.671 GC heap after
Heap after GC invocations=11 (full 1):
 PSYoungGen      total 138240K, used 9200K [0x00000000e0000000, 0x00000000e9100000, 0x0000000100000000)
  eden space 129024K, 0% used [0x00000000e0000000,0x00000000e0000000,0x00000000e7e00000)
  from space 9216K, 99% used [0x00000000e8800000,0x00000000e90fc020,0x00000000e9100000)
  to   space 9728K, 0% used [0x00000000e7e00000,0x00000000e7e00000,0x00000000e8780000)
 ParOldGen       total 31744K, used 15587K [0x00000000a0000000, 0x00000000a1f00000, 0x00000000e0000000)
  object space 31744K, 49% used [0x00000000a0000000,0x00000000a0f38eb0,0x00000000a1f00000)
 Metaspace       used 34621K, capacity 35400K, committed 35456K, reserved 1079296K
  class space    used 4756K, capacity 4991K, committed 4992K, reserved 1048576K
}
Event: 12.671 GC heap before
{Heap before GC invocations=12 (full 2):
 PSYoungGen      total 138240K, used 9200K [0x00000000e0000000, 0x00000000e9100000, 0x0000000100000000)
  eden space 129024K, 0% used [0x00000000e0000000,0x00000000e0000000,0x00000000e7e00000)
  from space 9216K, 99% used [0x00000000e8800000,0x00000000e90fc020,0x00000000e9100000)
  to   space 9728K, 0% used [0x00000000e7e00000,0x00000000e7e00000,0x00000000e8780000)
 ParOldGen       total 31744K, used 15587K [0x00000000a0000000, 0x00000000a1f00000, 0x00000000e0000000)
  object space 31744K, 49% used [0x00000000a0000000,0x00000000a0f38eb0,0x00000000a1f00000)
 Metaspace       used 34621K, capacity 35400K, committed 35456K, reserved 1079296K
  class space    used 4756K, capacity 4991K, committed 4992K, reserved 1048576K
Event: 12.890 GC heap after
Heap after GC invocations=12 (full 2):
 PSYoungGen      total 138240K, used 0K [0x00000000e0000000, 0x00000000e9100000, 0x0000000100000000)
  eden space 129024K, 0% used [0x00000000e0000000,0x00000000e0000000,0x00000000e7e00000)
  from space 9216K, 0% used [0x00000000e8800000,0x00000000e8800000,0x00000000e9100000)
  to   space 9728K, 0% used [0x00000000e7e00000,0x00000000e7e00000,0x00000000e8780000)
 ParOldGen       total 44544K, used 18880K [0x00000000a0000000, 0x00000000a2b80000, 0x00000000e0000000)
  object space 44544K, 42% used [0x00000000a0000000,0x00000000a1270380,0x00000000a2b80000)
 Metaspace       used 34621K, capacity 35400K, committed 35456K, reserved 1079296K
  class space    used 4756K, capacity 4991K, committed 4992K, reserved 1048576K
}
Event: 16.690 GC heap before
{Heap before GC invocations=13 (full 2):
 PSYoungGen      total 138240K, used 129024K [0x00000000e0000000, 0x00000000e9100000, 0x0000000100000000)
  eden space 129024K, 100% used [0x00000000e0000000,0x00000000e7e00000,0x00000000e7e00000)
  from space 9216K, 0% used [0x00000000e8800000,0x00000000e8800000,0x00000000e9100000)
  to   space 9728K, 0% used [0x00000000e7e00000,0x00000000e7e00000,0x00000000e8780000)
 ParOldGen       total 44544K, used 18880K [0x00000000a0000000, 0x00000000a2b80000, 0x00000000e0000000)
  object space 44544K, 42% used [0x00000000a0000000,0x00000000a1270380,0x00000000a2b80000)
 Metaspace       used 45446K, capacity 46830K, committed 46976K, reserved 1089536K
  class space    used 6122K, capacity 6472K, committed 6528K, reserved 1048576K
Event: 16.717 GC heap after
Heap after GC invocations=13 (full 2):
 PSYoungGen      total 138752K, used 9718K [0x00000000e0000000, 0x00000000e9100000, 0x0000000100000000)
  eden space 129024K, 0% used [0x00000000e0000000,0x00000000e0000000,0x00000000e7e00000)
  from space 9728K, 99% used [0x00000000e7e00000,0x00000000e877da90,0x00000000e8780000)
  to   space 9216K, 0% used [0x00000000e8800000,0x00000000e8800000,0x00000000e9100000)
 ParOldGen       total 44544K, used 24554K [0x00000000a0000000, 0x00000000a2b80000, 0x00000000e0000000)
  object space 44544K, 55% used [0x00000000a0000000,0x00000000a17fa908,0x00000000a2b80000)
 Metaspace       used 45446K, capacity 46830K, committed 46976K, reserved 1089536K
  class space    used 6122K, capacity 6472K, committed 6528K, reserved 1048576K
}

