# JRE version: OpenJDK Runtime Environment (8.0_212-b04) (build 1.8.0_212-release-1586-b04)
# Java VM: OpenJDK 64-Bit Server VM (25.212-b04 mixed mode windows-amd64 compressed oops)
Heap:
 PSYoungGen      total 124416K, used 15709K [0x00000000e0000000, 0x00000000ea100000, 0x0000000100000000)
  eden space 115200K, 5% used [0x00000000e0000000,0x00000000e065e590,0x00000000e7080000)
  from space 9216K, 99% used [0x00000000e7080000,0x00000000e7979108,0x00000000e7980000)
  to   space 12288K, 0% used [0x00000000e9500000,0x00000000e9500000,0x00000000ea100000)
 ParOldGen       total 34816K, used 22396K [0x00000000a0000000, 0x00000000a2200000, 0x00000000e0000000)
  object space 34816K, 64% used [0x00000000a0000000,0x00000000a15df158,0x00000000a2200000)
 Metaspace       used 44778K, capacity 46154K, committed 46336K, reserved 1089536K
  class space    used 6036K, capacity 6368K, committed 6400K, reserved 1048576K
GC Heap History (10 events):
Event: 6.885 GC heap before
{Heap before GC invocations=11 (full 1):
 PSYoungGen      total 69632K, used 62464K [0x00000000e0000000, 0x00000000e7100000, 0x0000000100000000)
  eden space 62464K, 100% used [0x00000000e0000000,0x00000000e3d00000,0x00000000e3d00000)
  from space 7168K, 0% used [0x00000000e3d00000,0x00000000e3d00000,0x00000000e4400000)
  to   space 7680K, 0% used [0x00000000e6980000,0x00000000e6980000,0x00000000e7100000)
 ParOldGen       total 34816K, used 10152K [0x00000000a0000000, 0x00000000a2200000, 0x00000000e0000000)
  object space 34816K, 29% used [0x00000000a0000000,0x00000000a09ea300,0x00000000a2200000)
 Metaspace       used 28062K, capacity 28546K, committed 28672K, reserved 1073152K
  class space    used 3827K, capacity 4008K, committed 4096K, reserved 1048576K
Event: 6.894 GC heap after
Heap after GC invocations=11 (full 1):
 PSYoungGen      total 92672K, used 7144K [0x00000000e0000000, 0x00000000e7080000, 0x0000000100000000)
  eden space 85504K, 0% used [0x00000000e0000000,0x00000000e0000000,0x00000000e5380000)
  from space 7168K, 99% used [0x00000000e6980000,0x00000000e707a308,0x00000000e7080000)
  to   space 8192K, 0% used [0x00000000e6080000,0x00000000e6080000,0x00000000e6880000)
 ParOldGen       total 34816K, used 10160K [0x00000000a0000000, 0x00000000a2200000, 0x00000000e0000000)
  object space 34816K, 29% used [0x00000000a0000000,0x00000000a09ec300,0x00000000a2200000)
 Metaspace       used 28062K, capacity 28546K, committed 28672K, reserved 1073152K
  class space    used 3827K, capacity 4008K, committed 4096K, reserved 1048576K
}
Event: 9.046 GC heap before
{Heap before GC invocations=12 (full 1):
 PSYoungGen      total 92672K, used 92648K [0x00000000e0000000, 0x00000000e7080000, 0x0000000100000000)
  eden space 85504K, 100% used [0x00000000e0000000,0x00000000e5380000,0x00000000e5380000)
  from space 7168K, 99% used [0x00000000e6980000,0x00000000e707a308,0x00000000e7080000)
  to   space 8192K, 0% used [0x00000000e6080000,0x00000000e6080000,0x00000000e6880000)
 ParOldGen       total 34816K, used 10160K [0x00000000a0000000, 0x00000000a2200000, 0x00000000e0000000)
  object space 34816K, 29% used [0x00000000a0000000,0x00000000a09ec300,0x00000000a2200000)
 Metaspace       used 33160K, capacity 33928K, committed 34304K, reserved 1079296K
  class space    used 4511K, capacity 4744K, committed 4864K, reserved 1048576K
Event: 9.064 GC heap after
Heap after GC invocations=12 (full 1):
 PSYoungGen      total 107008K, used 8003K [0x00000000e0000000, 0x00000000e8280000, 0x0000000100000000)
  eden space 98816K, 0% used [0x00000000e0000000,0x00000000e0000000,0x00000000e6080000)
  from space 8192K, 97% used [0x00000000e6080000,0x00000000e6850d90,0x00000000e6880000)
  to   space 9216K, 0% used [0x00000000e7980000,0x00000000e7980000,0x00000000e8280000)
 ParOldGen       total 34816K, used 13234K [0x00000000a0000000, 0x00000000a2200000, 0x00000000e0000000)
  object space 34816K, 38% used [0x00000000a0000000,0x00000000a0ceca18,0x00000000a2200000)
 Metaspace       used 33160K, capacity 33928K, committed 34304K, reserved 1079296K
  class space    used 4511K, capacity 4744K, committed 4864K, reserved 1048576K
}
Event: 9.743 GC heap before
{Heap before GC invocations=13 (full 1):
 PSYoungGen      total 107008K, used 50973K [0x00000000e0000000, 0x00000000e8280000, 0x0000000100000000)
  eden space 98816K, 43% used [0x00000000e0000000,0x00000000e29f6a40,0x00000000e6080000)
  from space 8192K, 97% used [0x00000000e6080000,0x00000000e6850d90,0x00000000e6880000)
  to   space 9216K, 0% used [0x00000000e7980000,0x00000000e7980000,0x00000000e8280000)
 ParOldGen       total 34816K, used 13234K [0x00000000a0000000, 0x00000000a2200000, 0x00000000e0000000)
  object space 34816K, 38% used [0x00000000a0000000,0x00000000a0ceca18,0x00000000a2200000)
 Metaspace       used 34617K, capacity 35384K, committed 35456K, reserved 1079296K
  class space    used 4764K, capacity 4991K, committed 4992K, reserved 1048576K
Event: 9.764 GC heap after
Heap after GC invocations=13 (full 1):
 PSYoungGen      total 124416K, used 3537K [0x00000000e0000000, 0x00000000e9780000, 0x0000000100000000)
  eden space 115200K, 0% used [0x00000000e0000000,0x00000000e0000000,0x00000000e7080000)
  from space 9216K, 38% used [0x00000000e7980000,0x00000000e7cf4548,0x00000000e8280000)
  to   space 9216K, 0% used [0x00000000e7080000,0x00000000e7080000,0x00000000e7980000)
 ParOldGen       total 34816K, used 17186K [0x00000000a0000000, 0x00000000a2200000, 0x00000000e0000000)
  object space 34816K, 49% used [0x00000000a0000000,0x00000000a10c8958,0x00000000a2200000)
 Metaspace       used 34617K, capacity 35384K, committed 35456K, reserved 1079296K
  class space    used 4764K, capacity 4991K, committed 4992K, reserved 1048576K
}
Event: 9.764 GC heap before
{Heap before GC invocations=14 (full 2):
 PSYoungGen      total 124416K, used 3537K [0x00000000e0000000, 0x00000000e9780000, 0x0000000100000000)
  eden space 115200K, 0% used [0x00000000e0000000,0x00000000e0000000,0x00000000e7080000)
  from space 9216K, 38% used [0x00000000e7980000,0x00000000e7cf4548,0x00000000e8280000)
  to   space 9216K, 0% used [0x00000000e7080000,0x00000000e7080000,0x00000000e7980000)
 ParOldGen       total 34816K, used 17186K [0x00000000a0000000, 0x00000000a2200000, 0x00000000e0000000)
  object space 34816K, 49% used [0x00000000a0000000,0x00000000a10c8958,0x00000000a2200000)
 Metaspace       used 34617K, capacity 35384K, committed 35456K, reserved 1079296K
  class space    used 4764K, capacity 4991K, committed 4992K, reserved 1048576K
Event: 9.937 GC heap after
Heap after GC invocations=14 (full 2):
 PSYoungGen      total 124416K, used 0K [0x00000000e0000000, 0x00000000e9780000, 0x0000000100000000)
  eden space 115200K, 0% used [0x00000000e0000000,0x00000000e0000000,0x00000000e7080000)
  from space 9216K, 0% used [0x00000000e7980000,0x00000000e7980000,0x00000000e8280000)
  to   space 9216K, 0% used [0x00000000e7080000,0x00000000e7080000,0x00000000e7980000)
 ParOldGen       total 34816K, used 17820K [0x00000000a0000000, 0x00000000a2200000, 0x00000000e0000000)
  object space 34816K, 51% used [0x00000000a0000000,0x00000000a1167260,0x00000000a2200000)
 Metaspace       used 34617K, capacity 35384K, committed 35456K, reserved 1079296K
  class space    used 4764K, capacity 4991K, committed 4992K, reserved 1048576K
}
Event: 12.969 GC heap before
{Heap before GC invocations=15 (full 2):
 PSYoungGen      total 124416K, used 115200K [0x00000000e0000000, 0x00000000e9780000, 0x0000000100000000)
  eden space 115200K, 100% used [0x00000000e0000000,0x00000000e7080000,0x00000000e7080000)
  from space 9216K, 0% used [0x00000000e7980000,0x00000000e7980000,0x00000000e8280000)
  to   space 9216K, 0% used [0x00000000e7080000,0x00000000e7080000,0x00000000e7980000)
 ParOldGen       total 34816K, used 17820K [0x00000000a0000000, 0x00000000a2200000, 0x00000000e0000000)
  object space 34816K, 51% used [0x00000000a0000000,0x00000000a1167260,0x00000000a2200000)
 Metaspace       used 44274K, capacity 45508K, committed 45824K, reserved 1089536K
  class space    used 5976K, capacity 6303K, committed 6400K, reserved 1048576K
Event: 12.995 GC heap after
Heap after GC invocations=15 (full 2):
 PSYoungGen      total 124416K, used 9188K [0x00000000e0000000, 0x00000000ea100000, 0x0000000100000000)
  eden space 115200K, 0% used [0x00000000e0000000,0x00000000e0000000,0x00000000e7080000)
  from space 9216K, 99% used [0x00000000e7080000,0x00000000e7979108,0x00000000e7980000)
  to   space 12288K, 0% used [0x00000000e9500000,0x00000000e9500000,0x00000000ea100000)
 ParOldGen       total 34816K, used 22396K [0x00000000a0000000, 0x00000000a2200000, 0x00000000e0000000)
  object space 34816K, 64% used [0x00000000a0000000,0x00000000a15df158,0x00000000a2200000)
 Metaspace       used 44274K, capacity 45508K, committed 45824K, reserved 1089536K
  class space    used 5976K, capacity 6303K, committed 6400K, reserved 1048576K
}

